<?xml version="1.0" encoding="UTF-8"?>
<testsuite xmlns:xsi="http://www.w3.org/2001/XMLSchema-instance" xsi:noNamespaceSchemaLocation="https://maven.apache.org/surefire/maven-surefire-plugin/xsd/surefire-test-report-3.0.xsd" version="3.0" name="com.vortexsoftware.sdk.VortexClientTest" time="0.536" tests="14" errors="0" skipped="0" failures="0">
  <properties>
[...]
</properties>
  <testcase name="testGetInvitation" classname="com.vortexsoftware.sdk.VortexClientTest" time="0.313">
    <system-out><![CDATA[01:41:20.690 [main] INFO org.eclipse.jetty.util.log -- Logging initialized @4271ms to org.eclipse.jetty.util.log.Slf4jLog
01:41:20.769 [main] INFO org.eclipse.jetty.server.Server -- jetty-9.4.49.v20220914; built: 2022-09-14T01:07:36.601Z; git: 4231a3b2e4cb8548a412a789936d640a97b1aa0a; jvm 21.0.9+10-LTS
01:41:20.781 [main] INFO org.eclipse.jetty.server.handler.ContextHandler -- Started o.e.j.s.ServletContextHandler@12f8b1d8{/__admin,null,AVAILABLE}
01:41:20.787 [main] INFO org.eclipse.jetty.server.handler.ContextHandler.ROOT -- RequestHandlerClass from context returned com.github.tomakehurst.wiremock.http.StubRequestHandler. Normalized mapped under returned 'null'
01:41:20.787 [main] INFO org.eclipse.jetty.server.handler.ContextHandler -- Started o.e.j.s.ServletContextHandler@2df3c564{/,null,AVAILABLE}
01:41:20.793 [main] INFO org.eclipse.jetty.server.AbstractConnector -- Started NetworkTrafficServerConnector@25b865b5{HTTP/1.1, (http/1.1, h2c)}{0.0.0.0:8089}
01:41:20.793 [main] INFO org.eclipse.jetty.server.Server -- Started @4376ms
01:41:20.868 [qtp2056566350-52] INFO org.eclipse.jetty.server.handler.ContextHandler.__admin -- RequestHandlerClass from context returned com.github.tomakehurst.wiremock.http.AdminRequestHandler. Normalized mapped under returned 'null'
01:41:20.924 [main] INFO org.eclipse.jetty.server.AbstractConnector -- Stopped NetworkTrafficServerConnector@25b865b5{HTTP/1.1, (http/1.1, h2c)}{0.0.0.0:8089}
01:41:20.925 [main] INFO org.eclipse.jetty.server.handler.ContextHandler -- Stopped o.e.j.s.ServletContextHandler@2df3c564{/,null,STOPPED}
01:41:20.925 [main] INFO org.eclipse.jetty.server.handler.ContextHandler -- Stopped o.e.j.s.ServletContextHandler@12f8b1d8{/__admin,null,STOPPED}
]]></system-out>
  </testcase>
  <testcase name="testAPIErrorHandling" classname="com.vortexsoftware.sdk.VortexClientTest" time="0.017">
    <system-out><![CDATA[01:41:20.930 [main] INFO org.eclipse.jetty.server.Server -- jetty-9.4.49.v20220914; built: 2022-09-14T01:07:36.601Z; git: 4231a3b2e4cb8548a412a789936d640a97b1aa0a; jvm 21.0.9+10-LTS
01:41:20.931 [main] INFO org.eclipse.jetty.server.handler.ContextHandler -- Started o.e.j.s.ServletContextHandler@2b98b3bb{/__admin,null,AVAILABLE}
01:41:20.932 [main] INFO org.eclipse.jetty.server.handler.ContextHandler.ROOT -- RequestHandlerClass from context returned com.github.tomakehurst.wiremock.http.StubRequestHandler. Normalized mapped under returned 'null'
01:41:20.932 [main] INFO org.eclipse.jetty.server.handler.ContextHandler -- Started o.e.j.s.ServletContextHandler@540b0448{/,null,AVAILABLE}
01:41:20.932 [main] INFO org.eclipse.jetty.server.AbstractConnector -- Started NetworkTrafficServerConnector@134c370e{HTTP/1.1, (http/1.1, h2c)}{0.0.0.0:8089}
01:41:20.932 [main] INFO org.eclipse.jetty.server.Server -- Started @4515ms
01:41:20.936 [qtp1810349933-61] INFO org.eclipse.jetty.server.handler.ContextHandler.__admin -- RequestHandlerClass from context returned com.github.tomakehurst.wiremock.http.AdminRequestHandler. Normalized mapped under returned 'null'
01:41:20.943 [main] INFO org.eclipse.jetty.server.AbstractConnector -- Stopped NetworkTrafficServerConnector@134c370e{HTTP/1.1, (http/1.1, h2c)}{0.0.0.0:8089}
01:41:20.943 [main] INFO org.eclipse.jetty.server.handler.ContextHandler -- Stopped o.e.j.s.ServletContextHandler@540b0448{/,null,STOPPED}
01:41:20.943 [main] INFO org.eclipse.jetty.server.handler.ContextHandler -- Stopped o.e.j.s.ServletContextHandler@2b98b3bb{/__admin,null,STOPPED}
]]></system-out>
  </testcase>
  <testcase name="testJWTGenerationWithoutAdminScopes" classname="com.vortexsoftware.sdk.VortexClientTest" time="0.01">
    <system-out><![CDATA[01:41:20.947 [main] INFO org.eclipse.jetty.server.Server -- jetty-9.4.49.v20220914; built: 2022-09-14T01:07:36.601Z; git: 4231a3b2e4cb8548a412a789936d640a97b1aa0a; jvm 21.0.9+10-LTS
01:41:20.948 [main] INFO org.eclipse.jetty.server.handler.ContextHandler -- Started o.e.j.s.ServletContextHandler@2c768ada{/__admin,null,AVAILABLE}
01:41:20.949 [main] INFO org.eclipse.jetty.server.handler.ContextHandler.ROOT -- RequestHandlerClass from context returned com.github.tomakehurst.wiremock.http.StubRequestHandler. Normalized mapped under returned 'null'
01:41:20.949 [main] INFO org.eclipse.jetty.server.handler.ContextHandler -- Started o.e.j.s.ServletContextHandler@c1fca2a{/,null,AVAILABLE}
01:41:20.949 [main] INFO org.eclipse.jetty.server.AbstractConnector -- Started NetworkTrafficServerConnector@499683c4{HTTP/1.1, (http/1.1, h2c)}{0.0.0.0:8089}
01:41:20.949 [main] INFO org.eclipse.jetty.server.Server -- Started @4532ms
01:41:20.953 [main] INFO org.eclipse.jetty.server.AbstractConnector -- Stopped NetworkTrafficServerConnector@499683c4{HTTP/1.1, (http/1.1, h2c)}{0.0.0.0:8089}
01:41:20.953 [main] INFO org.eclipse.jetty.server.handler.ContextHandler -- Stopped o.e.j.s.ServletContextHandler@c1fca2a{/,null,STOPPED}
01:41:20.953 [main] INFO org.eclipse.jetty.server.handler.ContextHandler -- Stopped o.e.j.s.ServletContextHandler@2c768ada{/__admin,null,STOPPED}
]]></system-out>
  </testcase>
  <testcase name="testInvalidAPIKeyFormat" classname="com.vortexsoftware.sdk.VortexClientTest" time="0.011">
    <system-out><![CDATA[01:41:20.957 [main] INFO org.eclipse.jetty.server.Server -- jetty-9.4.49.v20220914; built: 2022-09-14T01:07:36.601Z; git: 4231a3b2e4cb8548a412a789936d640a97b1aa0a; jvm 21.0.9+10-LTS
01:41:20.959 [main] INFO org.eclipse.jetty.server.handler.ContextHandler -- Started o.e.j.s.ServletContextHandler@7ea899a9{/__admin,null,AVAILABLE}
01:41:20.959 [main] INFO org.eclipse.jetty.server.handler.ContextHandler.ROOT -- RequestHandlerClass from context returned com.github.tomakehurst.wiremock.http.StubRequestHandler. Normalized mapped under returned 'null'
01:41:20.959 [main] INFO org.eclipse.jetty.server.handler.ContextHandler -- Started o.e.j.s.ServletContextHandler@2776015d{/,null,AVAILABLE}
01:41:20.960 [main] INFO org.eclipse.jetty.server.AbstractConnector -- Started NetworkTrafficServerConnector@470a659f{HTTP/1.1, (http/1.1, h2c)}{0.0.0.0:8089}
01:41:20.960 [main] INFO org.eclipse.jetty.server.Server -- Started @4542ms
01:41:20.964 [main] INFO org.eclipse.jetty.server.AbstractConnector -- Stopped NetworkTrafficServerConnector@470a659f{HTTP/1.1, (http/1.1, h2c)}{0.0.0.0:8089}
01:41:20.964 [main] INFO org.eclipse.jetty.server.handler.ContextHandler -- Stopped o.e.j.s.ServletContextHandler@2776015d{/,null,STOPPED}
01:41:20.964 [main] INFO org.eclipse.jetty.server.handler.ContextHandler -- Stopped o.e.j.s.ServletContextHandler@7ea899a9{/__admin,null,STOPPED}
]]></system-out>
  </testcase>
  <testcase name="testEmptyResponseHandling" classname="com.vortexsoftware.sdk.VortexClientTest" time="0.019">
    <system-out><![CDATA[01:41:20.968 [main] INFO org.eclipse.jetty.server.Server -- jetty-9.4.49.v20220914; built: 2022-09-14T01:07:36.601Z; git: 4231a3b2e4cb8548a412a789936d640a97b1aa0a; jvm 21.0.9+10-LTS
01:41:20.973 [main] INFO org.eclipse.jetty.server.handler.ContextHandler -- Started o.e.j.s.ServletContextHandler@71d8cfe7{/__admin,null,AVAILABLE}
01:41:20.973 [main] INFO org.eclipse.jetty.server.handler.ContextHandler.ROOT -- RequestHandlerClass from context returned com.github.tomakehurst.wiremock.http.StubRequestHandler. Normalized mapped under returned 'null'
01:41:20.974 [main] INFO org.eclipse.jetty.server.handler.ContextHandler -- Started o.e.j.s.ServletContextHandler@1e530163{/,null,AVAILABLE}
01:41:20.974 [main] INFO org.eclipse.jetty.server.AbstractConnector -- Started NetworkTrafficServerConnector@3fbcfe81{HTTP/1.1, (http/1.1, h2c)}{0.0.0.0:8089}
01:41:20.974 [main] INFO org.eclipse.jetty.server.Server -- Started @4557ms
01:41:20.977 [qtp59382310-87] INFO org.eclipse.jetty.server.handler.ContextHandler.__admin -- RequestHandlerClass from context returned com.github.tomakehurst.wiremock.http.AdminRequestHandler. Normalized mapped under returned 'null'
01:41:20.983 [main] INFO org.eclipse.jetty.server.AbstractConnector -- Stopped NetworkTrafficServerConnector@3fbcfe81{HTTP/1.1, (http/1.1, h2c)}{0.0.0.0:8089}
01:41:20.983 [main] INFO org.eclipse.jetty.server.handler.ContextHandler -- Stopped o.e.j.s.ServletContextHandler@1e530163{/,null,STOPPED}
01:41:20.983 [main] INFO org.eclipse.jetty.server.handler.ContextHandler -- Stopped o.e.j.s.ServletContextHandler@71d8cfe7{/__admin,null,STOPPED}
]]></system-out>
  </testcase>
  <testcase name="testRevokeInvitation" classname="com.vortexsoftware.sdk.VortexClientTest" time="0.013">
    <system-out><![CDATA[01:41:20.986 [main] INFO org.eclipse.jetty.server.Server -- jetty-9.4.49.v20220914; built: 2022-09-14T01:07:36.601Z; git: 4231a3b2e4cb8548a412a789936d640a97b1aa0a; jvm 21.0.9+10-LTS
01:41:20.987 [main] INFO org.eclipse.jetty.server.handler.ContextHandler -- Started o.e.j.s.ServletContextHandler@52d6cd34{/__admin,null,AVAILABLE}
01:41:20.988 [main] INFO org.eclipse.jetty.server.handler.ContextHandler.ROOT -- RequestHandlerClass from context returned com.github.tomakehurst.wiremock.http.StubRequestHandler. Normalized mapped under returned 'null'
01:41:20.988 [main] INFO org.eclipse.jetty.server.handler.ContextHandler -- Started o.e.j.s.ServletContextHandler@715d6168{/,null,AVAILABLE}
01:41:20.988 [main] INFO org.eclipse.jetty.server.AbstractConnector -- Started NetworkTrafficServerConnector@2954b5ea{HTTP/1.1, (http/1.1, h2c)}{0.0.0.0:8089}
01:41:20.988 [main] INFO org.eclipse.jetty.server.Server -- Started @4571ms
01:41:20.992 [qtp1702178880-96] INFO org.eclipse.jetty.server.handler.ContextHandler.__admin -- RequestHandlerClass from context returned com.github.tomakehurst.wiremock.http.AdminRequestHandler. Normalized mapped under returned 'null'
01:41:20.996 [main] INFO org.eclipse.jetty.server.AbstractConnector -- Stopped NetworkTrafficServerConnector@2954b5ea{HTTP/1.1, (http/1.1, h2c)}{0.0.0.0:8089}
01:41:20.997 [main] INFO org.eclipse.jetty.server.handler.ContextHandler -- Stopped o.e.j.s.ServletContextHandler@715d6168{/,null,STOPPED}
01:41:20.997 [main] INFO org.eclipse.jetty.server.handler.ContextHandler -- Stopped o.e.j.s.ServletContextHandler@52d6cd34{/__admin,null,STOPPED}
]]></system-out>
  </testcase>
  <testcase name="testGetInvitationsByTarget" classname="com.vortexsoftware.sdk.VortexClientTest" time="0.025">
    <system-out><![CDATA[01:41:21.000 [main] INFO org.eclipse.jetty.server.Server -- jetty-9.4.49.v20220914; built: 2022-09-14T01:07:36.601Z; git: 4231a3b2e4cb8548a412a789936d640a97b1aa0a; jvm 21.0.9+10-LTS
01:41:21.002 [main] INFO org.eclipse.jetty.server.handler.ContextHandler -- Started o.e.j.s.ServletContextHandler@316a598d{/__admin,null,AVAILABLE}
01:41:21.002 [main] INFO org.eclipse.jetty.server.handler.ContextHandler.ROOT -- RequestHandlerClass from context returned com.github.tomakehurst.wiremock.http.StubRequestHandler. Normalized mapped under returned 'null'
01:41:21.002 [main] INFO org.eclipse.jetty.server.handler.ContextHandler -- Started o.e.j.s.ServletContextHandler@216914{/,null,AVAILABLE}
01:41:21.003 [main] INFO org.eclipse.jetty.server.AbstractConnector -- Started NetworkTrafficServerConnector@222afc67{HTTP/1.1, (http/1.1, h2c)}{0.0.0.0:8089}
01:41:21.003 [main] INFO org.eclipse.jetty.server.Server -- Started @4586ms
01:41:21.008 [qtp1293885429-105] INFO org.eclipse.jetty.server.handler.ContextHandler.__admin -- RequestHandlerClass from context returned com.github.tomakehurst.wiremock.http.AdminRequestHandler. Normalized mapped under returned 'null'
01:41:21.022 [main] INFO org.eclipse.jetty.server.AbstractConnector -- Stopped NetworkTrafficServerConnector@222afc67{HTTP/1.1, (http/1.1, h2c)}{0.0.0.0:8089}
01:41:21.022 [main] INFO org.eclipse.jetty.server.handler.ContextHandler -- Stopped o.e.j.s.ServletContextHandler@216914{/,null,STOPPED}
01:41:21.022 [main] INFO org.eclipse.jetty.server.handler.ContextHandler -- Stopped o.e.j.s.ServletContextHandler@316a598d{/__admin,null,STOPPED}
]]></system-out>
  </testcase>
  <testcase name="testAcceptInvitations" classname="com.vortexsoftware.sdk.VortexClientTest" time="0.04">
    <system-out><![CDATA[01:41:21.026 [main] INFO org.eclipse.jetty.server.Server -- jetty-9.4.49.v20220914; built: 2022-09-14T01:07:36.601Z; git: 4231a3b2e4cb8548a412a789936d640a97b1aa0a; jvm 21.0.9+10-LTS
01:41:21.028 [main] INFO org.eclipse.jetty.server.handler.ContextHandler -- Started o.e.j.s.ServletContextHandler@66420549{/__admin,null,AVAILABLE}
01:41:21.028 [main] INFO org.eclipse.jetty.server.handler.ContextHandler.ROOT -- RequestHandlerClass from context returned com.github.tomakehurst.wiremock.http.StubRequestHandler. Normalized mapped under returned 'null'
01:41:21.028 [main] INFO org.eclipse.jetty.server.handler.ContextHandler -- Started o.e.j.s.ServletContextHandler@15dc339f{/,null,AVAILABLE}
01:41:21.029 [main] INFO org.eclipse.jetty.server.AbstractConnector -- Started NetworkTrafficServerConnector@10bea4{HTTP/1.1, (http/1.1, h2c)}{0.0.0.0:8089}
01:41:21.029 [main] INFO org.eclipse.jetty.server.Server -- Started @4612ms
01:41:21.034 [qtp1019157412-114] INFO org.eclipse.jetty.server.handler.ContextHandler.__admin -- RequestHandlerClass from context returned com.github.tomakehurst.wiremock.http.AdminRequestHandler. Normalized mapped under returned 'null'
01:41:21.062 [main] INFO org.eclipse.jetty.server.AbstractConnector -- Stopped NetworkTrafficServerConnector@10bea4{HTTP/1.1, (http/1.1, h2c)}{0.0.0.0:8089}
01:41:21.062 [main] INFO org.eclipse.jetty.server.handler.ContextHandler -- Stopped o.e.j.s.ServletContextHandler@15dc339f{/,null,STOPPED}
01:41:21.062 [main] INFO org.eclipse.jetty.server.handler.ContextHandler -- Stopped o.e.j.s.ServletContextHandler@66420549{/__admin,null,STOPPED}
]]></system-out>
  </testcase>
  <testcase name="testReinvite" classname="com.vortexsoftware.sdk.VortexClientTest" time="0.017">
    <system-out><![CDATA[01:41:21.066 [main] INFO org.eclipse.jetty.server.Server -- jetty-9.4.49.v20220914; built: 2022-09-14T01:07:36.601Z; git: 4231a3b2e4cb8548a412a789936d640a97b1aa0a; jvm 21.0.9+10-LTS
01:41:21.068 [main] INFO org.eclipse.jetty.server.handler.ContextHandler -- Started o.e.j.s.ServletContextHandler@3f4f5330{/__admin,null,AVAILABLE}
01:41:21.068 [main] INFO org.eclipse.jetty.server.handler.ContextHandler.ROOT -- RequestHandlerClass from context returned com.github.tomakehurst.wiremock.http.StubRequestHandler. Normalized mapped under returned 'null'
01:41:21.068 [main] INFO org.eclipse.jetty.server.handler.ContextHandler -- Started o.e.j.s.ServletContextHandler@14b7786{/,null,AVAILABLE}
01:41:21.068 [main] INFO org.eclipse.jetty.server.AbstractConnector -- Started NetworkTrafficServerConnector@26221bad{HTTP/1.1, (http/1.1, h2c)}{0.0.0.0:8089}
01:41:21.068 [main] INFO org.eclipse.jetty.server.Server -- Started @4651ms
01:41:21.071 [qtp1551263930-123] INFO org.eclipse.jetty.server.handler.ContextHandler.__admin -- RequestHandlerClass from context returned com.github.tomakehurst.wiremock.http.AdminRequestHandler. Normalized mapped under returned 'null'
01:41:21.079 [main] INFO org.eclipse.jetty.server.AbstractConnector -- Stopped NetworkTrafficServerConnector@26221bad{HTTP/1.1, (http/1.1, h2c)}{0.0.0.0:8089}
01:41:21.079 [main] INFO org.eclipse.jetty.server.handler.ContextHandler -- Stopped o.e.j.s.ServletContextHandler@14b7786{/,null,STOPPED}
01:41:21.079 [main] INFO org.eclipse.jetty.server.handler.ContextHandler -- Stopped o.e.j.s.ServletContextHandler@3f4f5330{/__admin,null,STOPPED}
]]></system-out>
  </testcase>
  <testcase name="testDeleteInvitationsByGroup" classname="com.vortexsoftware.sdk.VortexClientTest" time="0.015">
    <system-out><![CDATA[01:41:21.083 [main] INFO org.eclipse.jetty.server.Server -- jetty-9.4.49.v20220914; built: 2022-09-14T01:07:36.601Z; git: 4231a3b2e4cb8548a412a789936d640a97b1aa0a; jvm 21.0.9+10-LTS
01:41:21.084 [main] INFO org.eclipse.jetty.server.handler.ContextHandler -- Started o.e.j.s.ServletContextHandler@6a638c79{/__admin,null,AVAILABLE}
01:41:21.084 [main] INFO org.eclipse.jetty.server.handler.ContextHandler.ROOT -- RequestHandlerClass from context returned com.github.tomakehurst.wiremock.http.StubRequestHandler. Normalized mapped under returned 'null'
01:41:21.084 [main] INFO org.eclipse.jetty.server.handler.ContextHandler -- Started o.e.j.s.ServletContextHandler@6c931d35{/,null,AVAILABLE}
01:41:21.085 [main] INFO org.eclipse.jetty.server.AbstractConnector -- Started NetworkTrafficServerConnector@2a2ef072{HTTP/1.1, (http/1.1, h2c)}{0.0.0.0:8089}
01:41:21.085 [main] INFO org.eclipse.jetty.server.Server -- Started @4668ms
01:41:21.088 [qtp1750120280-132] INFO org.eclipse.jetty.server.handler.ContextHandler.__admin -- RequestHandlerClass from context returned com.github.tomakehurst.wiremock.http.AdminRequestHandler. Normalized mapped under returned 'null'
01:41:21.094 [main] INFO org.eclipse.jetty.server.AbstractConnector -- Stopped NetworkTrafficServerConnector@2a2ef072{HTTP/1.1, (http/1.1, h2c)}{0.0.0.0:8089}
01:41:21.094 [main] INFO org.eclipse.jetty.server.handler.ContextHandler -- Stopped o.e.j.s.ServletContextHandler@6c931d35{/,null,STOPPED}
01:41:21.094 [main] INFO org.eclipse.jetty.server.handler.ContextHandler -- Stopped o.e.j.s.ServletContextHandler@6a638c79{/__admin,null,STOPPED}
]]></system-out>
  </testcase>
  <testcase name="testAcceptInvitations_LegacyTarget" classname="com.vortexsoftware.sdk.VortexClientTest" time="0.017">
    <system-out><![CDATA[01:41:21.098 [main] INFO org.eclipse.jetty.server.Server -- jetty-9.4.49.v20220914; built: 2022-09-14T01:07:36.601Z; git: 4231a3b2e4cb8548a412a789936d640a97b1aa0a; jvm 21.0.9+10-LTS
01:41:21.099 [main] INFO org.eclipse.jetty.server.handler.ContextHandler -- Started o.e.j.s.ServletContextHandler@5292ceca{/__admin,null,AVAILABLE}
01:41:21.099 [main] INFO org.eclipse.jetty.server.handler.ContextHandler.ROOT -- RequestHandlerClass from context returned com.github.tomakehurst.wiremock.http.StubRequestHandler. Normalized mapped under returned 'null'
01:41:21.100 [main] INFO org.eclipse.jetty.server.handler.ContextHandler -- Started o.e.j.s.ServletContextHandler@13d9261f{/,null,AVAILABLE}
01:41:21.100 [main] INFO org.eclipse.jetty.server.AbstractConnector -- Started NetworkTrafficServerConnector@472a11ae{HTTP/1.1, (http/1.1, h2c)}{0.0.0.0:8089}
01:41:21.100 [main] INFO org.eclipse.jetty.server.Server -- Started @4683ms
01:41:21.103 [qtp730575236-141] INFO org.eclipse.jetty.server.handler.ContextHandler.__admin -- RequestHandlerClass from context returned com.github.tomakehurst.wiremock.http.AdminRequestHandler. Normalized mapped under returned 'null'
01:41:21.104 [main] WARN com.vortexsoftware.sdk.VortexClient -- [Vortex SDK] DEPRECATED: Passing an InvitationTarget is deprecated. Use the AcceptUser format instead: acceptInvitations(invitationIds, new AcceptUser(email))
01:41:21.111 [main] INFO org.eclipse.jetty.server.AbstractConnector -- Stopped NetworkTrafficServerConnector@472a11ae{HTTP/1.1, (http/1.1, h2c)}{0.0.0.0:8089}
01:41:21.112 [main] INFO org.eclipse.jetty.server.handler.ContextHandler -- Stopped o.e.j.s.ServletContextHandler@13d9261f{/,null,STOPPED}
01:41:21.112 [main] INFO org.eclipse.jetty.server.handler.ContextHandler -- Stopped o.e.j.s.ServletContextHandler@5292ceca{/__admin,null,STOPPED}
]]></system-out>
  </testcase>
  <testcase name="testJWTGeneration" classname="com.vortexsoftware.sdk.VortexClientTest" time="0.009">
    <system-out><![CDATA[01:41:21.115 [main] INFO org.eclipse.jetty.server.Server -- jetty-9.4.49.v20220914; built: 2022-09-14T01:07:36.601Z; git: 4231a3b2e4cb8548a412a789936d640a97b1aa0a; jvm 21.0.9+10-LTS
01:41:21.117 [main] INFO org.eclipse.jetty.server.handler.ContextHandler -- Started o.e.j.s.ServletContextHandler@2f236de0{/__admin,null,AVAILABLE}
01:41:21.117 [main] INFO org.eclipse.jetty.server.handler.ContextHandler.ROOT -- RequestHandlerClass from context returned com.github.tomakehurst.wiremock.http.StubRequestHandler. Normalized mapped under returned 'null'
01:41:21.117 [main] INFO org.eclipse.jetty.server.handler.ContextHandler -- Started o.e.j.s.ServletContextHandler@4eba373c{/,null,AVAILABLE}
01:41:21.118 [main] INFO org.eclipse.jetty.server.AbstractConnector -- Started NetworkTrafficServerConnector@10a0fe30{HTTP/1.1, (http/1.1, h2c)}{0.0.0.0:8089}
01:41:21.118 [main] INFO org.eclipse.jetty.server.Server -- Started @4701ms
01:41:21.121 [main] INFO org.eclipse.jetty.server.AbstractConnector -- Stopped NetworkTrafficServerConnector@10a0fe30{HTTP/1.1, (http/1.1, h2c)}{0.0.0.0:8089}
01:41:21.121 [main] INFO org.eclipse.jetty.server.handler.ContextHandler -- Stopped o.e.j.s.ServletContextHandler@4eba373c{/,null,STOPPED}
01:41:21.121 [main] INFO org.eclipse.jetty.server.handler.ContextHandler -- Stopped o.e.j.s.ServletContextHandler@2f236de0{/__admin,null,STOPPED}
]]></system-out>
  </testcase>
  <testcase name="testGetInvitationsByGroup" classname="com.vortexsoftware.sdk.VortexClientTest" time="0.018">
    <system-out><![CDATA[01:41:21.125 [main] INFO org.eclipse.jetty.server.Server -- jetty-9.4.49.v20220914; built: 2022-09-14T01:07:36.601Z; git: 4231a3b2e4cb8548a412a789936d640a97b1aa0a; jvm 21.0.9+10-LTS
01:41:21.126 [main] INFO org.eclipse.jetty.server.handler.ContextHandler -- Started o.e.j.s.ServletContextHandler@726aa968{/__admin,null,AVAILABLE}
01:41:21.127 [main] INFO org.eclipse.jetty.server.handler.ContextHandler.ROOT -- RequestHandlerClass from context returned com.github.tomakehurst.wiremock.http.StubRequestHandler. Normalized mapped under returned 'null'
01:41:21.127 [main] INFO org.eclipse.jetty.server.handler.ContextHandler -- Started o.e.j.s.ServletContextHandler@7100dea{/,null,AVAILABLE}
01:41:21.127 [main] INFO org.eclipse.jetty.server.AbstractConnector -- Started NetworkTrafficServerConnector@65e21ce3{HTTP/1.1, (http/1.1, h2c)}{0.0.0.0:8089}
01:41:21.127 [main] INFO org.eclipse.jetty.server.Server -- Started @4710ms
01:41:21.130 [qtp1350894905-158] INFO org.eclipse.jetty.server.handler.ContextHandler.__admin -- RequestHandlerClass from context returned com.github.tomakehurst.wiremock.http.AdminRequestHandler. Normalized mapped under returned 'null'
01:41:21.139 [main] INFO org.eclipse.jetty.server.AbstractConnector -- Stopped NetworkTrafficServerConnector@65e21ce3{HTTP/1.1, (http/1.1, h2c)}{0.0.0.0:8089}
01:41:21.139 [main] INFO org.eclipse.jetty.server.handler.ContextHandler -- Stopped o.e.j.s.ServletContextHandler@7100dea{/,null,STOPPED}
01:41:21.139 [main] INFO org.eclipse.jetty.server.handler.ContextHandler -- Stopped o.e.j.s.ServletContextHandler@726aa968{/__admin,null,STOPPED}
]]></system-out>
  </testcase>
  <testcase name="testJWTGenerationWithExtraProperties" classname="com.vortexsoftware.sdk.VortexClientTest" time="0.009">
    <system-out><![CDATA[01:41:21.142 [main] INFO org.eclipse.jetty.server.Server -- jetty-9.4.49.v20220914; built: 2022-09-14T01:07:36.601Z; git: 4231a3b2e4cb8548a412a789936d640a97b1aa0a; jvm 21.0.9+10-LTS
01:41:21.144 [main] INFO org.eclipse.jetty.server.handler.ContextHandler -- Started o.e.j.s.ServletContextHandler@6f94fb9d{/__admin,null,AVAILABLE}
01:41:21.144 [main] INFO org.eclipse.jetty.server.handler.ContextHandler.ROOT -- RequestHandlerClass from context returned com.github.tomakehurst.wiremock.http.StubRequestHandler. Normalized mapped under returned 'null'
01:41:21.144 [main] INFO org.eclipse.jetty.server.handler.ContextHandler -- Started o.e.j.s.ServletContextHandler@17fa1336{/,null,AVAILABLE}
01:41:21.145 [main] INFO org.eclipse.jetty.server.AbstractConnector -- Started NetworkTrafficServerConnector@5d2828c9{HTTP/1.1, (http/1.1, h2c)}{0.0.0.0:8089}
01:41:21.145 [main] INFO org.eclipse.jetty.server.Server -- Started @4728ms
01:41:21.147 [main] INFO org.eclipse.jetty.server.AbstractConnector -- Stopped NetworkTrafficServerConnector@5d2828c9{HTTP/1.1, (http/1.1, h2c)}{0.0.0.0:8089}
01:41:21.148 [main] INFO org.eclipse.jetty.server.handler.ContextHandler -- Stopped o.e.j.s.ServletContextHandler@17fa1336{/,null,STOPPED}
01:41:21.148 [main] INFO org.eclipse.jetty.server.handler.ContextHandler -- Stopped o.e.j.s.ServletContextHandler@6f94fb9d{/__admin,null,STOPPED}
]]></system-out>
  </testcase>
</testsuite>