<?xml version="1.0" encoding="UTF-8"?>
<testsuite xmlns:xsi="http://www.w3.org/2001/XMLSchema-instance" xsi:noNamespaceSchemaLocation="https://maven.apache.org/surefire/maven-surefire-plugin/xsd/surefire-test-report-3.0.xsd" version="3.0" name="com.teamvortexsoftware.vortex.HappyPathIntegrationTest" time="3.781" tests="1" errors="0" skipped="0" failures="0">
  <properties>
[...]
</properties>
  <testcase name="testFullInvitationFlow" classname="com.teamvortexsoftware.vortex.HappyPathIntegrationTest" time="3.767">
    <system-out><![CDATA[
--- Starting Java SDK Integration Test ---
Step 1: Creating invitation...
DEBUG - User ID: test-user-123
DEBUG - User Email: brian+sdktest1767058877@vortexsoftware.com
DEBUG - Full JWT: eyJpYXQiOjE3NjcwNTg4NzcsImFsZyI6IkhTMjU2IiwidHlwIjoiSldUIiwia2lkIjoiOWViNmYzOTgtMGVhNC00NDM1LTgyNWYtNjhmZjU5NTk4MWJiIn0.eyJ1c2VySWQiOiJ0ZXN0LXVzZXItMTIzIiwidXNlckVtYWlsIjoiYnJpYW4rc2RrdGVzdDE3NjcwNTg4NzdAdm9ydGV4c29mdHdhcmUuY29tIiwiZXhwaXJlcyI6MTc2NzA2MjQ3N30.aNWn7aszIVWCEkh7gWgOxKbwvtd5WngwXqvLk1u3sk8
Using widget configuration ID: 9f0fca2c-6664-4d5c-bc46-fc6540a11f76
Received sessionAttestation from widget
DEBUG - Invitation JSON payload: {"payload":{"emails":{"role":"member","type":"email","value":"brian+sdktest1767058877@vortexsoftware.com"}},"widgetConfigurationId":"9f0fca2c-6664-4d5c-bc46-fc6540a11f76","source":"email","group":{"groupId":"test-group-1767058877","name":"TestTeam","type":"team"},"templateVariables":{"inviter_name":"Dr Vortex","group_member_count":"3","group_name":"SDK Test Group","company_name":"Vortex Inc."}}
DEBUG - Request URL: http://172.29.236.26:3002/api/v1/invitations
DEBUG - Authorization header length: 303
DEBUG - Session attestation header length: 168
✓ Created invitation: b0fe7a18-daa5-4e6f-9e1c-3c78a4b0652b
Step 2a: Getting invitation by ID...
✓ Retrieved invitation by ID successfully
Step 2b: Getting invitations by target...
✓ Retrieved invitations by target successfully and verified invitation is in list
Step 3: Accepting invitation...
✓ Accepted invitation successfully
--- Java SDK Integration Test Complete ---

]]></system-out>
  </testcase>
</testsuite>